<?xml version="1.0" encoding="UTF-8"?>
<!-- Generated by org.testng.reporters.JUnitReportReporter -->
<testsuite hostname="Sudip" failures="0" tests="1" name="day20.Demo1" time="0.012" errors="0" timestamp="11 Jul 2023 05:04:37 GMT" skipped="0">
  <testcase classname="day20.Demo1" name="testA" time="0.012"/>
</testsuite> <!-- day20.Demo1 -->
